#
# A fatal error has been detected by the Java Runtime Environment:
#
#  SIGFPE (0x8) at pc=0x000000011260f8c8, pid=3311, tid=0x0000000000002703
#
# JRE version: Java(TM) SE Runtime Environment (8.0_261-b12) (build 1.8.0_261-b12)
# Java VM: Java HotSpot(TM) 64-Bit Server VM (25.261-b12 mixed mode bsd-amd64 compressed oops)
# Problematic frame:
# j  foundation.exceptionImpl.ExceptionTest.test1()V+49
#
# Failed to write core dump. Core dumps have been disabled. To enable core dumping, try "ulimit -c unlimited" before starting Java again
#
# If you would like to submit a bug report, please visit:
#   http://bugreport.java.com/bugreport/crash.jsp
#

---------------  T H R E A D  ---------------

Current thread (0x00007fab89809800):  JavaThread "main" [_thread_in_Java, id=9987, stack(0x000000030c3c3000,0x000000030c4c3000)]

siginfo: si_signo: 8 (SIGFPE), si_code: 5 (FPE_FLTINV), si_addr: 0x000000011260f8c8

Registers:
RAX=0x0000000000000004, RBX=0x000000000000006c, RCX=0x0000000000000000, RDX=0x0000000000000000
RSP=0x000000030c4c2968, RBP=0x000000030c4c29b8, RSI=0x0000000795812278, RDI=0x00000007958122f0
R8 =0x0000000000000000, R9 =0x0000000000000008, R10=0x0000000110f30f30, R11=0x000000000000194c
R12=0x0000000000000000, R13=0x00000001265b6cfe, R14=0x000000030c4c29e0, R15=0x00007fab89809800
RIP=0x000000011260f8c8, EFLAGS=0x0000000000000a83, ERR=0x0000000000000000
  TRAPNO=0x0000000000000000

Top of Stack: (sp=0x000000030c4c2968)
0x000000030c4c2968:   0000000795812278 00000007955a0318
0x000000030c4c2978:   000000030c4c2978 00000001265b6cf9
0x000000030c4c2988:   000000030c4c29e0 00000001265b7028
0x000000030c4c2998:   0000000000000000 00000001265b6e18
0x000000030c4c29a8:   0000000000000000 000000030c4c29e8
0x000000030c4c29b8:   000000030c4c2a28 00000001125fb2bd
0x000000030c4c29c8:   0000000000000000 0000000000000000
0x000000030c4c29d8:   0000000000000004 00000007956c4d10
0x000000030c4c29e8:   000000030c4c29e8 00000001265b6ec8
0x000000030c4c29f8:   000000030c4c2a38 00000001265b7028
0x000000030c4c2a08:   0000000000000000 00000001265b6ee0
0x000000030c4c2a18:   000000030c4c29e8 000000030c4c2a38
0x000000030c4c2a28:   000000030c4c2aa0 00000001125f37a7
0x000000030c4c2a38:   00000007956a5b00 00007fab00001fa0
0x000000030c4c2a48:   00007fab89809800 00007fab89809800
0x000000030c4c2a58:   000000030c4c2e70 00000001265b6ee0
0x000000030c4c2a68:   0000000000000001 000000030c4c2b18
0x000000030c4c2a78:   000000030c4c2e78 000000000000000a
0x000000030c4c2a88:   00000001265b6ee0 0000000112606600
0x000000030c4c2a98:   000000030c4c2cd0 000000030c4c2c10
0x000000030c4c2aa8:   0000000110ad42cd 0000000000000001
0x000000030c4c2ab8:   00007fab89809800 ffffffffffffffff
0x000000030c4c2ac8:   00007fab89809800 00007fab87f05290
0x000000030c4c2ad8:   00007fab87f05720 00007fab87f05730
0x000000030c4c2ae8:   00007fab87f05808 00000000000000d8
0x000000030c4c2af8:   00007fab87f052d0 000000030c4c2b40
0x000000030c4c2b08:   0000000cc404004f 000000030c4c2b70
0x000000030c4c2b18:   00007fab89809800 00007fab87f06320
0x000000030c4c2b28:   00000001265b6ee0 0000000000000000
0x000000030c4c2b38:   0000000000000000 0000000000000000
0x000000030c4c2b48:   0000000000000000 000000030c4c2e70
0x000000030c4c2b58:   0000000112606600 00000001125f371f 

Instructions: (pc=0x000000011260f8c8)
0x000000011260f8a8:   c8 8b 04 24 48 83 c4 08 81 f8 00 00 00 80 0f 85
0x000000011260f8b8:   0b 00 00 00 33 d2 83 f9 ff 0f 84 03 00 00 00 99
0x000000011260f8c8:   f7 f9 41 0f b6 5d 01 49 ff c5 49 ba 30 0f f3 10
0x000000011260f8d8:   01 00 00 00 41 ff 24 da 80 00 00 00 00 00 00 00 

Register to memory mapping:

RAX=0x0000000000000004 is an unknown value
RBX=0x000000000000006c is an unknown value
RCX=0x0000000000000000 is an unknown value
RDX=0x0000000000000000 is an unknown value
RSP=0x000000030c4c2968 is pointing into the stack for thread: 0x00007fab89809800
RBP=0x000000030c4c29b8 is pointing into the stack for thread: 0x00007fab89809800
RSI=0x0000000795812278 is an oop
java.lang.StringBuilder 
 - klass: 'java/lang/StringBuilder'
RDI=0x00000007958122f0 is an oop
