#
# A fatal error has been detected by the Java Runtime Environment:
#
#  SIGFPE (0x8) at pc=0x0000000112e0f8c8, pid=3325, tid=0x0000000000002603
#
# JRE version: Java(TM) SE Runtime Environment (8.0_261-b12) (build 1.8.0_261-b12)
# Java VM: Java HotSpot(TM) 64-Bit Server VM (25.261-b12 mixed mode bsd-amd64 compressed oops)
# Problematic frame:
# j  foundation.exceptionImpl.ExceptionTest.test1()V+49
#
# Failed to write core dump. Core dumps have been disabled. To enable core dumping, try "ulimit -c unlimited" before starting Java again
#
# If you would like to submit a bug report, please visit:
#   http://bugreport.java.com/bugreport/crash.jsp
#

---------------  T H R E A D  ---------------

Current thread (0x00007ff1ee00e800):  JavaThread "main" [_thread_in_Java, id=9731, stack(0x000000030d72c000,0x000000030d82c000)]

siginfo: si_signo: 8 (SIGFPE), si_code: 5 (FPE_FLTINV), si_addr: 0x0000000112e0f8c8

Registers:
RAX=0x0000000000000000, RBX=0x000000000000006c, RCX=0x0000000000000000, RDX=0x0000000000000000
RSP=0x000000030d82b968, RBP=0x000000030d82b9b8, RSI=0x0000000795812b10, RDI=0x0000000795812b88
R8 =0x0000000000000000, R9 =0x0000000000000008, R10=0x0000000111730f30, R11=0x000000000000194c
R12=0x0000000000000000, R13=0x0000000127061cfe, R14=0x000000030d82b9e0, R15=0x00007ff1ee00e800
RIP=0x0000000112e0f8c8, EFLAGS=0x0000000000000a87, ERR=0x0000000000000000
  TRAPNO=0x0000000000000000

Top of Stack: (sp=0x000000030d82b968)
0x000000030d82b968:   0000000795812b10 00000007955a0318
0x000000030d82b978:   000000030d82b978 0000000127061cf9
0x000000030d82b988:   000000030d82b9e0 0000000127062028
0x000000030d82b998:   0000000000000000 0000000127061e18
0x000000030d82b9a8:   0000000000000000 000000030d82b9e8
0x000000030d82b9b8:   000000030d82ba28 0000000112dfb2bd
0x000000030d82b9c8:   0000000000000000 0000000000000000
0x000000030d82b9d8:   0000000000000000 00000007956c4d10
0x000000030d82b9e8:   000000030d82b9e8 0000000127061ec8
0x000000030d82b9f8:   000000030d82ba38 0000000127062028
0x000000030d82ba08:   0000000000000000 0000000127061ee0
0x000000030d82ba18:   000000030d82b9e8 000000030d82ba38
0x000000030d82ba28:   000000030d82baa0 0000000112df37a7
0x000000030d82ba38:   00000007956a5b00 00007ff100001fa0
0x000000030d82ba48:   00007ff1ee00e800 00007ff1ee00e800
0x000000030d82ba58:   000000030d82be70 0000000127061ee0
0x000000030d82ba68:   0000000000000001 000000030d82bb18
0x000000030d82ba78:   000000030d82be78 000000000000000a
0x000000030d82ba88:   0000000127061ee0 0000000112e06600
0x000000030d82ba98:   000000030d82bcd0 000000030d82bc10
0x000000030d82baa8:   00000001112d42cd 0000000000000001
0x000000030d82bab8:   00007ff1ee00e800 ffffffffffffffff
0x000000030d82bac8:   00007ff1ee00e800 00007ff1edc12920
0x000000030d82bad8:   00007ff1edc12960 00007ff1edc12970
0x000000030d82bae8:   00007ff1edc12a48 00000000000000d8
0x000000030d82baf8:   00007ff1edc12f40 000000030d82bb40
0x000000030d82bb08:   0000000c79030067 000000030d82bb70
0x000000030d82bb18:   00007ff1ee00e800 00007ff1edc139a0
0x000000030d82bb28:   0000000127061ee0 0000000000000000
0x000000030d82bb38:   0000000000000000 0000000000000000
0x000000030d82bb48:   0000000000000000 000000030d82be70
0x000000030d82bb58:   0000000112e06600 0000000112df371f 

Instructions: (pc=0x0000000112e0f8c8)
0x0000000112e0f8a8:   c8 8b 04 24 48 83 c4 08 81 f8 00 00 00 80 0f 85
0x0000000112e0f8b8:   0b 00 00 00 33 d2 83 f9 ff 0f 84 03 00 00 00 99
0x0000000112e0f8c8:   f7 f9 41 0f b6 5d 01 49 ff c5 49 ba 30 0f 73 11
0x0000000112e0f8d8:   01 00 00 00 41 ff 24 da 80 00 00 00 00 00 00 00 

Register to memory mapping:

RAX=0x0000000000000000 is an unknown value
RBX=0x000000000000006c is an unknown value
RCX=0x0000000000000000 is an unknown value
RDX=0x0000000000000000 is an unknown value
RSP=0x000000030d82b968 is pointing into the stack for thread: 0x00007ff1ee00e800
RBP=0x000000030d82b9b8 is pointing into the stack for thread: 0x00007ff1ee00e800
RSI=0x0000000795812b10 is an oop
java.lang.StringBuilder 
 - klass: 'java/lang/StringBuilder'
RDI=0x0000000795812b88 is an oop
